Current configuration:
[NAME]		[DEFLT]	[VALUE]
-example	no	no
-help		no	no
-mixwfn			/mnt/c/Users/PP37879/Desktop/Test/database/model_parameters/database.ci_cont_flatinitial/mixture_weights
-moddeffn		/mnt/c/Users/PP37879/Desktop/Test/database/model_architecture/database.ci.mdef
-ndensity	256	1
-nstream	4	1
-tmatfn			/mnt/c/Users/PP37879/Desktop/Test/database/model_parameters/database.ci_cont_flatinitial/transition_matrices
-topo			/mnt/c/Users/PP37879/Desktop/Test/database/model_architecture/database.topology

INFO: model_def_io.c(573): Model definition info:
INFO: model_def_io.c(574): 37 total models defined (37 base, 0 tri)
INFO: model_def_io.c(575): 148 total states
INFO: model_def_io.c(576): 111 total tied states
INFO: model_def_io.c(577): 111 total tied CI states
INFO: model_def_io.c(578): 37 total tied transition matrices
INFO: model_def_io.c(579): 4 max state/model
INFO: model_def_io.c(580): 4 min state/model
INFO: s3tmat_io.c(176): Wrote /mnt/c/Users/PP37879/Desktop/Test/database/model_parameters/database.ci_cont_flatinitial/transition_matrices [37x3x4 array]
INFO: s3mixw_io.c(233): Wrote /mnt/c/Users/PP37879/Desktop/Test/database/model_parameters/database.ci_cont_flatinitial/mixture_weights [111x1x1 array]
main.c(83): Reading model definition file /mnt/c/Users/PP37879/Desktop/Test/database/model_architecture/database.ci.mdef
main.c(90): 37 models defined
Fri Apr 27 21:23:19 2018
