Current configuration:
[NAME]		[DEFLT]	[VALUE]
-dictfn			
-example	no	no
-fdictfn		
-help		no	no
-ignorewpos	no	no
-inCDmdef		
-inCImdef		
-lsnfn			
-maxtriphones	100000	100000
-minocc		1	1
-n_state_pm	3	3
-oalltphnmdef		
-ocimdef		/mnt/c/Users/PP37879/Desktop/Test/database/model_architecture/database.ci.mdef
-ocountfn		
-ountiedmdef		
-phnlstfn		/mnt/c/Users/PP37879/Desktop/Test/database/model_architecture/database.phonelist
-triphnlstfn		

INFO: main.c(92): Will write CI mdef file /mnt/c/Users/PP37879/Desktop/Test/database/model_architecture/database.ci.mdef
INFO: mk_mdef_gen.c(189): 0 single word triphones in input phone list
INFO: mk_mdef_gen.c(190): 0 word beginning triphones in input phone list
INFO: mk_mdef_gen.c(191): 0 word internal triphones in input phone list
INFO: mk_mdef_gen.c(192): 0 word ending triphones in input phone list
INFO: mk_mdef_gen.c(897): 37 n_base, 0 n_tri
INFO: mk_mdef_gen.c(969): Wrote mdef file /mnt/c/Users/PP37879/Desktop/Test/database/model_architecture/database.ci.mdef
Fri Apr 27 21:23:18 2018
