Current configuration:
[NAME]		[DEFLT]	[VALUE]
-accumdir		/mnt/c/Users/PP37879/Desktop/Test/database/bwaccumdir/database_buff_1,
-constE		3.0	3.000000e+00
-dcountfn		
-example	no	no
-fullvar	no	no
-help		no	no
-inmeanfn		
-inmixwfn		
-invarfn		
-meanfn			/mnt/c/Users/PP37879/Desktop/Test/database/model_parameters/database.ci_cont/means
-mixwfn			/mnt/c/Users/PP37879/Desktop/Test/database/model_parameters/database.ci_cont/mixture_weights
-mmie		no	no
-oaccumdir		
-regmatfn		
-tiedvar	no	no
-tmatfn			/mnt/c/Users/PP37879/Desktop/Test/database/model_parameters/database.ci_cont/transition_matrices
-varfn			/mnt/c/Users/PP37879/Desktop/Test/database/model_parameters/database.ci_cont/variances

INFO: main.c(207): Reading and accumulating counts from /mnt/c/Users/PP37879/Desktop/Test/database/bwaccumdir/database_buff_1
INFO: s3mixw_io.c(117): Read /mnt/c/Users/PP37879/Desktop/Test/database/bwaccumdir/database_buff_1/mixw_counts [111x1x1 array]
INFO: s3tmat_io.c(118): Read /mnt/c/Users/PP37879/Desktop/Test/database/bwaccumdir/database_buff_1/tmat_counts [37x3x4 array]
INFO: s3gau_io.c(386): Read /mnt/c/Users/PP37879/Desktop/Test/database/bwaccumdir/database_buff_1/gauden_counts with means with vars (2pass) [111x1x1 vector arrays]
INFO: main.c(321): -2passvar yes
INFO: main.c(391): Normalizing mean for n_mgau= 111, n_stream= 1, n_density= 1
WARN: "gauden.c", line 1565: (mgau= 33, feat= 0, density= 0) never observed
WARN: "gauden.c", line 1565: (mgau= 34, feat= 0, density= 0) never observed
WARN: "gauden.c", line 1565: (mgau= 35, feat= 0, density= 0) never observed
WARN: "gauden.c", line 1565: (mgau= 48, feat= 0, density= 0) never observed
WARN: "gauden.c", line 1565: (mgau= 49, feat= 0, density= 0) never observed
WARN: "gauden.c", line 1565: (mgau= 50, feat= 0, density= 0) never observed
WARN: "gauden.c", line 1565: (mgau= 57, feat= 0, density= 0) never observed
WARN: "gauden.c", line 1565: (mgau= 58, feat= 0, density= 0) never observed
WARN: "gauden.c", line 1565: (mgau= 59, feat= 0, density= 0) never observed
INFO: main.c(414): Normalizing var
INFO: s3mixw_io.c(233): Wrote /mnt/c/Users/PP37879/Desktop/Test/database/model_parameters/database.ci_cont/mixture_weights [111x1x1 array]
INFO: s3tmat_io.c(176): Wrote /mnt/c/Users/PP37879/Desktop/Test/database/model_parameters/database.ci_cont/transition_matrices [37x3x4 array]
INFO: s3gau_io.c(228): Wrote /mnt/c/Users/PP37879/Desktop/Test/database/model_parameters/database.ci_cont/means [111x1x1 array]
INFO: s3gau_io.c(228): Wrote /mnt/c/Users/PP37879/Desktop/Test/database/model_parameters/database.ci_cont/variances [111x1x1 array]
Fri Apr 27 21:23:28 2018
Current Overall Likelihood Per Frame = -149.794685121506
Convergence ratio = 0.156990414234457
